2024-12-09 10:30:25,419 - distributed.nanny - INFO -         Start Nanny at: 'tcp://10.0.30.39:33531'
2024-12-09 10:30:28,987 - distributed.worker - INFO -       Start worker at:     tcp://10.0.30.39:35535
2024-12-09 10:30:28,987 - distributed.worker - INFO -          Listening to:     tcp://10.0.30.39:35535
2024-12-09 10:30:28,987 - distributed.worker - INFO -           Worker name:            SLURMCluster-14
2024-12-09 10:30:28,988 - distributed.worker - INFO -          dashboard at:           10.0.30.39:37401
2024-12-09 10:30:28,988 - distributed.worker - INFO - Waiting to connect to:     tcp://10.0.30.56:39197
2024-12-09 10:30:28,988 - distributed.worker - INFO - -------------------------------------------------
2024-12-09 10:30:28,988 - distributed.worker - INFO -               Threads:                          1
2024-12-09 10:30:28,988 - distributed.worker - INFO -                Memory:                   0.93 GiB
2024-12-09 10:30:28,988 - distributed.worker - INFO -       Local Directory: /tmp/dask-scratch-space/worker-l8pjdq7_
2024-12-09 10:30:28,988 - distributed.worker - INFO - -------------------------------------------------
2024-12-09 10:30:29,780 - distributed.worker - INFO - Starting Worker plugin shuffle
2024-12-09 10:30:29,781 - distributed.worker - INFO -         Registered to:     tcp://10.0.30.56:39197
2024-12-09 10:30:29,781 - distributed.worker - INFO - -------------------------------------------------
2024-12-09 10:30:29,782 - distributed.core - INFO - Starting established connection to tcp://10.0.30.56:39197
2024-12-09 10:30:33,603 - distributed.protocol.pickle - INFO - Failed to deserialize b'\x80\x05\x95"\x00\x01\x00\x00\x00\x00\x00\x8c\x08builtins\x94\x8c\x07getattr\x94\x93\x94\x8c\x16datahandlers.sentinel2\x94\x8c\x16EarthnetDatasetHandler\x94\x93\x94)\x81\x94}\x94(\x8c\x06config\x94h\x08\x8c\x14InitializationConfig\x94\x93\x94)\x81\x94}\x94(\x8c\x14path_load_experiment\x94\x8c\x07pathlib\x94\x8c\tPosixPath\x94\x93\x94(\x8c\x01/\x94\x8c\x03Net\x94\x8c\x06Groups\x94\x8c\x03BGI\x94\x8c\x07scratch\x94\x8c\x06crobin\x94\x8c\x0ePythonProjects\x94\x8c\x0fExtremesProject\x94\x8c\x0bexperiments\x94\x8c#2024-11-25_18:41:43_deep_extreme_HR\x94t\x94R\x94\x8c\x05index\x94\x8c\x06EVI_EN\x94\x8c\x0bsaving_path\x94h\x10(h\x11h\x12h\x13h\x14h\x15h\x16h\x17h\x18h\x19h\x1a\x8c\x06EVI_EN\x94t\x94R\x94\x8c\x02id\x94\x8c\x132024-11-25_18:41:43\x94\x8c\x04name\x94\x8c\x0fdeep_extreme_HR\x94\x8c\x10compute_variance\x94\x89\x8c\x06region\x94\x8c\x05globe\x94\x8c\x0ftime_resolution\x94K\x05\x8c\x0cn_components\x94K\x03\x8c\tn_samples\x94M\x88\x13\x8c\x06n_bins\x94K2\x8c\nkernel_pca\x94\x89\x8c\x06method\x94\x8c\x08regional\x94\x8c\x05k_pca\x94\x89\x8c\nstart_year\x94M\xd0\x07\x8c\x19is_generic_xarray_dataset\x94\x89ubh,M\xe8\x03\x8c\x06loader\x94\x8c$RegionalExtremesPackage.utils.loader\x94\x8c\x06Loader\x94\x93\x94)\x81\x94}\x94h\x08h\x0bsb\x8c\x05saver\x94\x8c#RegionalExtremesPackage.utils.saver\x94\x8c\x05Saver\x94\x93\x94)\x81\x94}\x94h\x08h\x0bsbh2M\xd0\x07\x8c\x04data\x94N\x8c\x03msc\x94N\x8c\x08max_data\x94N\x8c\x08min_data\x94N\x8c\rvariable_name\x94\x8c\x0cevi_earthnet\x94\x8c\x02df\x94\x8c\x12pandas.core.series\x94\x8c\x06Series\x94\x93\x94)\x81\x94}\x94(\x8c\x04_mgr\x94\x8c\x1epandas.core.internals.managers\x94\x8c\x12SingleBlockManager\x94\x93\x94)\x81\x94(]\x94\x8c\x18pandas.core.indexes.base\x94\x8c\n_new_Index\x94\x93\x94hR\x8c\x05Index\x94\x93\x94}\x94(h@\x8c\x12numpy.core.numeric\x94\x8c\x0b_frombuffer\x94\x93\x94(\x97\x8c\x05numpy\x94\x8c\x05dtype\x94\x93\x94\x8c\x02i8\x94\x89\x88\x87\x94R\x94(K\x03\x8c\x01<\x94NNNJ\xff\xff\xff\xffJ\xff\xff\xff\xffK\x00t\x94bM\xf0\x0f\x85\x94\x8c\x01C\x94t\x94R\x94h%Nu\x86\x94R\x94a]\x94\x8c\x15numpy.core.multiarray\x94\x8c\x0c_reconstruct\x94\x93\x94h[\x8c\x07ndarray\x94\x93\x94K\x00\x85\x94C\x01b\x94\x87\x94R\x94(K\x01M\xf0\x0f\x85\x94h]\x8c\x02O8\x94\x89\x88\x87\x94R\x94(K\x03\x8c\x01|\x94NNNJ\xff\xff\xff\xffJ\xff\xff\xff\xffK?t\x94b\x89]\x94(\x8c,/full/1.1/mc_17.87_68.08_1.1_20230605_0.zarr\x94\x8c,/full/1.1/mc_19.37_68.70_1.1_20230605_0.zarr\x94\x8c,/full/1.1/mc_19.74_68.70_1.1_20230605_0.zarr\x94\x8c,/full/1.1/mc_19.87_68.65_1.1_20230605_0.zarr\x94\x8c,/full/1.1/mc_22.68_67.99_1.1_20230605_0.zarr\x94\x8c,/full/1.1/mc_22.74_68.45_1.1_20230605_0.zarr\x94\x8c,/full/1.1/mc_22.86_68.49_1.1_20230605_0.zarr\x94\x8c,/full/1.1/mc_22.87_68.33_1.1_20230605_0.zarr\x94\x8c,/full/1.1/mc_23.11_68.50_1.1_20230605_0.zarr\x94\x8c,/full/1.1/mc_23.37_68.32_1.1_20230605_0.zarr\x94\x8c,/full/1.1/mc_23.54_68.83_1.1_20230605_0.zarr\x94\x8c,/full/1.1/mc_23.74_68.65_1.1_20230605_0.zarr\x94\x8c,/full/1.1/mc_23.87_68.33_1.1_20230605_0.zarr\x94\x8c,/full/1.1/mc_23.99_68.20_1.1_20230605_0.zarr\x94\x8c,/full/1.1/mc_23.99_68.58_1.1_20230605_0.zarr\x94\x8c,/full/1.1/mc_23.99_68.60_1.1_20230605_0.zarr\x94\x8c,/full/1.1/mc_24.09_68.45_1.1_20230605_0.zarr\x94\x8c,/full/1.1/mc_24.24_68.20_1.1_20230605_0.zarr\x94\x8c,/full/1.1/mc_24.37_68.08_1.1_20230605_0.zarr\x94\x8c,/full/1.1/mc_25.87_67.95_1.1_20230605_0.zarr\x94\x8c,/full/1.1/mc_26.43_68.08_1.1_20230605_0.zarr\x94\x8c,/full/1.1/mc_26.42_68.33_1.1_20230605_0.zarr\x94\x8c,/full/1.1/mc_26.50_68.45_1.1_20230605_0.zarr\x94\x8c,/full/1.1/mc_26.53_68.58_1.1_20230605_0.zarr\x94\x8c,/full/1.1/mc_26.62_68.05_1.1_20230605_0.zarr\x94\x8c,/full/1.1/mc_26.70_67.95_1.1_20230605_0.zarr\x94\x8c,/full/1.1/mc_26.75_68.20_1.1_20230605_0.zarr\x94\x8c,/full/1.1/mc_26.93_67.95_1.1_20230605_0.zarr\x94\x8c,/full/1.1/mc_27.24_68.20_1.1_20230605_0.zarr\x94\x8c,/full/1.1/mc_27.24_68.45_1.1_20230605_0.zarr\x94\x8c,/full/1.1/mc_27.37_68.08_1.1_20230605_0.zarr\x94\x8c,/full/1.1/mc_27.37_68.33_1.1_20230605_0.zarr\x94\x8c,/full/1.1/mc_27.49_68.45_1.1_20230605_0.zarr\x94\x8c,/full/1.1/mc_27.69_68.08_1.1_20230605_0.zarr\x94\x8c,/full/1.1/mc_27.74_68.32_1.1_20230605_0.zarr\x94\x8c,/full/1.1/mc_27.88_68.33_1.1_20230605_0.zarr\x94\x8c,/full/1.1/mc_28.02_68.58_1.1_20230605_0.zarr\x94\x8c,/full/1.1/mc_28.12_68.33_1.1_20230605_0.zarr\x94\x8c,/full/1.1/mc_28.24_68.58_1.1_20230605_0.zarr\x94\x8c,/full/1.1/mc_28.25_68.17_1.1_20230605_0.zarr\x94\x8c,/full/1.1/mc_28.37_68.33_1.1_20230605_0.zarr\x94\x8c,/full/1.1/mc_28.38_68.08_1.1_20230605_0.zarr\x94\x8c,/full/1.1/mc_28.49_68.45_1.1_20230605_0.zarr\x94\x8c,/full/1.1/mc_28.62_68.08_1.1_20230605_0.zarr\x94\x8c,/full/1.1/mc_28.87_67.95_1.1_20230605_0.zarr\x94\x8c,/full/1.1/mc_28.92_68.31_1.1_20230605_0.zarr\x94\x8c,/full/1.1/mc_29.03_68.20_1.1_20230605_0.zarr\x94\x8c,/full/1.1/mc_29.12_67.95_1.1_20230605_0.zarr\x94\x8c,/full/1.1/mc_29.12_68.08_1.1_20230605_0.zarr\x94\x8c,/full/1.1/mc_29.24_68.20_1.1_20230605_0.zarr\x94\x8c,/full/1.1/mc_29.24_68.45_1.1_20230605_0.zarr\x94\x8c,/full/1.1/mc_29.37_68.08_1.1_20230605_0.zarr\x94\x8c,/full/1.1/mc_29.49_68.70_1.1_20230605_0.zarr\x94\x8c,/full/1.1/mc_29.62_68.33_1.1_20230605_0.zarr\x94\x8c,/full/1.1/mc_29.87_68.08_1.1_20230605_0.zarr\x94\x8c,/full/1.1/mc_29.87_68.33_1.1_20230605_0.zarr\x94\x8c,/full/1.1/mc_29.99_68.20_1.1_20230605_0.zarr\x94\x8c,/full/1.1/mc_29.99_68.70_1.1_20230605_0.zarr\x94\x8c,/full/1.1/mc_30.03_68.45_1.1_20230605_0.zarr\x94\x8c,/full/1.1/mc_30.12_68.33_1.1_20230605_0.zarr\x94\x8c,/full/1.1/mc_30.24_68.70_1.1_20230605_0.zarr\x94\x8c,/full/1.1/mc_30.57_68.45_1.1_20230605_0.zarr\x94\x8c,/full/1.1/mc_18.06_68.13_1.1_20230606_0.zarr\x94\x8c,/full/1.1/mc_18.69_68.33_1.1_20230606_0.zarr\x94\x8c,/full/1.1/mc_18.87_68.33_1.1_20230606_0.zarr\x94\x8c,/full/1.1/mc_18.90_68.45_1.1_20230606_0.zarr\x94\x8c,/full/1.1/mc_23.12_68.33_1.1_20230606_0.zarr\x94\x8c,/full/1.1/mc_23.28_68.58_1.1_20230606_0.zarr\x94\x8c,/full/1.1/mc_23.35_68.45_1.1_20230606_0.zarr\x94\x8c,/full/1.1/mc_24.37_68.33_1.1_20230606_0.zarr\x94\x8c,/full/1.1/mc_24.49_68.20_1.1_20230606_0.zarr\x94\x8c,/full/1.1/mc_24.62_67.95_1.1_20230606_0.zarr\x94\x8c,/full/1.1/mc_24.63_68.08_1.1_20230606_0.zarr\x94\x8c,/full/1.1/mc_26.12_67.95_1.1_20230606_0.zarr\x94\x8c,/full/1.1/mc_26.12_68.08_1.1_20230606_0.zarr\x94\x8c,/full/1.1/mc_26.24_68.20_1.1_20230606_0.zarr\x94\x8c,/full/1.1/mc_26.87_68.33_1.1_20230606_0.zarr\x94\x8c,/full/1.1/mc_26.99_68.20_1.1_20230606_0.zarr\x94\x8c,/full/1.1/mc_27.12_67.95_1.1_20230606_0.zarr\x94\x8c,/full/1.1/mc_27.99_68.20_1.1_20230606_0.zarr\x94\x8c,/full/1.1/mc_27.99_68.45_1.1_20230606_0.zarr\x94\x8c,/full/1.1/mc_28.21_68.08_1.1_20230606_0.zarr\x94\x8c,/full/1.1/mc_28.29_68.45_1.1_20230606_0.zarr\x94\x8c,/full/1.1/mc_28.49_68.58_1.1_20230606_0.zarr\x94\x8c,/full/1.1/mc_28.58_68.18_1.1_20230606_0.zarr\x94\x8c,/full/1.1/mc_28.62_67.95_1.1_20230606_0.zarr\x94\x8c,/full/1.1/mc_28.76_68.58_1.1_20230606_0.zarr\x94\x8c,/full/1.1/mc_28.78_68.20_1.1_20230606_0.zarr\x94\x8c,/full/1.1/mc_28.99_68.45_1.1_20230606_0.zarr\x94\x8c,/full/1.1/mc_29.49_68.45_1.1_20230606_0.zarr\x94\x8c,/full/1.1/mc_29.74_68.70_1.1_20230606_0.zarr\x94\x8c,/full/1.1/mc_30.24_68.45_1.1_20230606_0.zarr\x94\x8c,/full/1.1/mc_30.24_68.57_1.1_20230606_0.zarr\x94\x8c,/full/1.1/mc_30.37_68.33_1.1_20230606_0.zarr\x94\x8c,/full/1.1/mc_30.88_68.33_1.1_20230606_0.zarr\x94\x8c,/full/1.1/mc_23.12_68.70_1.1_20230606_0.zarr\x94\x8c,/full/1.1/mc_23.34_68.70_1.1_20230606_0.zarr\x94\x8c,/full/1.1/mc_23.54_68.90_1.1_20230606_0.zarr\x94\x8c,/full/1.1/mc_23.50_68.70_1.1_20230606_0.zarr\x94\x8c,/full/1.1/mc_23.62_68.33_1.1_20230606_0.zarr\x94\x8c,/full/1.1/mc_23.77_68.53_1.1_20230606_0.zarr\x94\x8c,/full/1.1/mc_23.83_68.44_1.1_20230606_0.zarr\x94\x8c,/full/1.1/mc_24.12_68.08_1.1_20230606_0.zarr\x94\x8c,/full/1.1/mc_26.74_68.45_1.1_20230606_0.zarr\x94\x8c,/full/1.1/mc_26.37_67.95_1.1_20230606_0.zarr\x94\x8c,/full/1.1/mc_28.38_67.95_1.1_20230606_0.zarr\x94\x8c,/full/1.1/mc_28.62_68.31_1.1_20230606_0.zarr\x94\x8c,/full/1.1/mc_28.87_68.08_1.1_20230606_0.zarr\x94\x8c,/full/1.1/mc_28.99_68.58_1.1_20230606_0.zarr\x94\x8c,/full/1.1/mc_28.99_68.70_1.1_20230606_0.zarr\x94\x8c,/full/1.1/mc_29.23_68.32_1.1_20230606_0.zarr\x94\x8c,/full/1.1/mc_29.25_68.58_1.1_20230606_0.zarr\x94\x8c,/full/1.1/mc_29.33_68.70_1.1_20230606_0.zarr\x94\x8c,/full/1.1/mc_29.47_68.33_1.1_20230606_0.zarr\x94\x8c,/full/1.1/mc_30.62_68.33_1.1_20230606_0.zarr\x94\x8c,/full/1.1/mc_18.15_68.08_1.1_20230606_0.zarr\x94\x8c,/full/1.1/mc_19.28_68.58_1.1_20230606_0.zarr\x94\x8c,/full/1.1/mc_19.82_68.58_1.1_20230606_0.zarr\x94\x8c,/full/1.1/mc_19.50_68.56_1.1_20230606_0.zarr\x94\x8c,/full/1.1/mc_22.62_68.20_1.1_20230606_0.zarr\x94\x8c,/full/1.1/mc_22.99_68.45_1.1_20230606_0.zarr\x94\x8c,/full/1.1/mc_23.50_68.58_1.1_20230606_0.zarr\x94\x8c,/full/1.1/mc_23.60_68.45_1.1_20230606_0.zarr\x94\x8c,/full/1.1/mc_24.13_68.33_1.1_20230606_0.zarr\x94\x8c,/full/1.1/mc_27.12_68.33_1.1_20230606_0.zarr\x94\x8c,/full/1.1/mc_27.74_68.58_1.1_20230606_0.zarr\x94\x8c,/full/1.1/mc_28.13_67.95_1.1_20230606_0.zarr\x94\x8c,/full/1.1/mc_29.49_68.58_1.1_20230606_0.zarr\x94\x8c,/full/1.1/mc_29.62_68.08_1.1_20230606_0.zarr\x94\x8c,/full/1.1/mc_29.99_68.58_1.1_20230606_0.zarr\x94\x8c,/full/1.1/mc_30.12_68.08_1.1_20230606_0.zarr\x94\x8c,/full/1.1/mc_30.24_68.20_1.1_20230606_0.zarr\x94\x8c,/full/1.1/mc_30.81_68.45_1.1_20230606_0.zarr\x94\x8c,/full/1.1/mc_32.14_68.95_1.1_20230606_0.zarr\x94\x8c,/full/1.1/mc_24.34_68.44_1.1_20230606_0.zarr\x94\x8c,/full/1.1/mc_24.37_67.95_1.1_20230606_0.zarr\x94\x8c,/full/1.1/mc_26.49_68.20_1.1_20230606_0.zarr\x94\x8c,/full/1.1/mc_26.62_68.33_1.1_20230606_0.zarr\x94\x8c,/full/1.1/mc_26.82_68.54_1.1_20230606_0.zarr\x94\x8c,/full/1.1/mc_26.87_68.08_1.1_20230606_0.zarr\x94\x8c,/full/1.1/mc_26.99_68.45_1.1_20230606_0.zarr\x94\x8c,/full/1.1/mc_27.12_68.08_1.1_20230606_0.zarr\x94\x8c,/full/1.1/mc_27.37_67.87_1.1_20230606_0.zarr\x94\x8c,/full/1.1/mc_27.49_68.20_1.1_20230606_0.zarr\x94\x8c,/full/1.1/mc_27.87_68.08_1.1_20230606_0.zarr\x94\x8c,/full/1.1/mc_29.49_68.20_1.1_20230606_0.zarr\x94\x8c,/full/1.1/mc_27.49_68.58_1.1_20230606_0.zarr\x94\x8c,/full/1.1/mc_27.74_67.89_1.1_20230606_0.zarr\x94\x8c,/full/1.1/mc_27.74_68.45_1.1_20230606_0.zarr\x94\x8c,/full/1.1/mc_27.82_68.20_1.1_20230606_0.zarr\x94\x8c,/full/1.1/mc_27.92_67.95_1.1_20230606_0.zarr\x94\x8c,/full/1.1/mc_28.74_68.45_1.1_20230606_0.zarr\x94\x8c,/full/1.1/mc_29.74_68.20_1.1_20230606_0.zarr\x94\x8c,/full/1.1/mc_29.80_68.45_1.1_20230606_0.zarr\x94\x8c,/full/1.1/mc_29.86_68.58_1.1_20230606_0.zarr\x94\x8c,/full/1.1/mc_-5.01_40.35_1.1_20230611_0.zarr\x94\x8c,/full/1.1/mc_-7.12_30.73_1.1_20230611_0.zarr\x94\x8c,/full/1.1/mc_-7.55_30.85_1.1_20230611_0.zarr\x94\x8c,/full/1.1/mc_-8.44_31.09_1.1_20230611_0.zarr\x94\x8c,/full/1.1/mc_-8.49_31.18_1.1_20230611_0.zarr\x94\x8c,/full/1.1/mc_-8.68_30.99_1.1_20230611_0.zarr\x94\x8c,/full/1.1/mc_-8.84_31.98_1.1_20230611_0.zarr\x94\x8c,/full/1.1/mc_-9.00_31.79_1.1_20230611_0.zarr\x94\x8c+/full/1.1/mc_0.00_28.98_1.1_20230611_0.zarr\x94\x8c+/full/1.1/mc_0.00_29.10_1.1_20230611_0.zarr\x94\x8c+/full/1.1/mc_0.00_29.23_1.1_20230611_0.zarr\x94\x8c+/full/1.1/mc_0.25_29.23_1.1_20230611_0.zarr\x94\x8c+/full/1.1/mc_0.25_29.35_1.1_20230611_0.zarr\x94\x8c+/full/1.1/mc_0.25_42.84_1.1_20230611_0.zarr\x94\x8c+/full/1.1/mc_0.38_29.48_1.1_20230611_0.zarr\x94\x8c+/full/1.1/mc_0.39_42.97_1.1_20230611_0.zarr\x94\x8c+/full/1.1/mc_0.50_29.35_1.1_20230611_0.zarr\x94\x8c+/full/1.1/mc_0.50_29.60_1.1_20230611_0.zarr\x94\x8c+/full/1.1/mc_0.50_29.73_1.1_20230611_0.zarr\x94\x8c+/full/1.1/mc_0.53_42.84_1.1_20230611_0.zarr\x94\x8c+/full/1.1/mc_0.63_29.48_1.1_20230611_0.zarr\x94\x8c+/full/1.1/mc_0.63_29.85_1.1_20230611_0.zarr\x94\x8c+/full/1.1/mc_0.66_42.97_1.1_20230611_0.zarr\x94\x8c+/full/1.1/mc_0.75_29.60_1.1_20230611_0.zarr\x94\x8c+/full/1.1/mc_0.75_29.73_1.1_20230611_0.zarr\x94\x8c+/full/1.1/mc_0.75_29.98_1.1_20230611_0.zarr\x94\x8c+/full/1.1/mc_0.75_42.84_1.1_20230611_0.zarr\x94\x8c+/full/1.1/mc_0.88_29.85_1.1_20230611_0.zarr\x94\x8c+/full/1.1/mc_0.88_30.10_1.1_20230611_0.zarr\x94\x8c+/full/1.1/mc_0.88_42.97_1.1_20230611_0.zarr\x94\x8c+/full/1.1/mc_1.00_30.35_1.1_20230611_0.zarr\x94\x8c+/full/1.1/mc_1.00_30.48_1.1_202'
Traceback (most recent call last):
  File "/Net/Groups/BGI/scratch/crobin/miniconda3/envs/ExtremesEnv2/lib/python3.12/site-packages/distributed/protocol/pickle.py", line 94, in loads
    return pickle.loads(x, buffers=buffers)
           ^^^^^^^^^^^^^^^^^^^^^^^^^^^^^^^^
  File "/Net/Groups/BGI/scratch/crobin/PythonProjects/ExtremesProject/RegionalExtremesPackage/datahandlers/__init__.py", line 1, in <module>
    from .common_imports import *
  File "/Net/Groups/BGI/scratch/crobin/PythonProjects/ExtremesProject/RegionalExtremesPackage/datahandlers/common_imports.py", line 16, in <module>
    from config import (
  File "/Net/Groups/BGI/scratch/crobin/PythonProjects/ExtremesProject/RegionalExtremesPackage/config.py", line 17, in <module>
    from RegionalExtremesPackage.utils.logger import initialize_logger, printt
ModuleNotFoundError: No module named 'RegionalExtremesPackage'
2024-12-09 10:30:33,605 - distributed.protocol.core - CRITICAL - Failed to deserialize
Traceback (most recent call last):
  File "/Net/Groups/BGI/scratch/crobin/miniconda3/envs/ExtremesEnv2/lib/python3.12/site-packages/distributed/protocol/core.py", line 175, in loads
    return msgpack.loads(
           ^^^^^^^^^^^^^^
  File "msgpack/_unpacker.pyx", line 194, in msgpack._cmsgpack.unpackb
  File "/Net/Groups/BGI/scratch/crobin/miniconda3/envs/ExtremesEnv2/lib/python3.12/site-packages/distributed/protocol/core.py", line 172, in _decode_default
    return pickle.loads(sub_header["pickled-obj"], buffers=sub_frames)
           ^^^^^^^^^^^^^^^^^^^^^^^^^^^^^^^^^^^^^^^^^^^^^^^^^^^^^^^^^^^
  File "/Net/Groups/BGI/scratch/crobin/miniconda3/envs/ExtremesEnv2/lib/python3.12/site-packages/distributed/protocol/pickle.py", line 94, in loads
    return pickle.loads(x, buffers=buffers)
           ^^^^^^^^^^^^^^^^^^^^^^^^^^^^^^^^
  File "/Net/Groups/BGI/scratch/crobin/PythonProjects/ExtremesProject/RegionalExtremesPackage/datahandlers/__init__.py", line 1, in <module>
    from .common_imports import *
  File "/Net/Groups/BGI/scratch/crobin/PythonProjects/ExtremesProject/RegionalExtremesPackage/datahandlers/common_imports.py", line 16, in <module>
    from config import (
  File "/Net/Groups/BGI/scratch/crobin/PythonProjects/ExtremesProject/RegionalExtremesPackage/config.py", line 17, in <module>
    from RegionalExtremesPackage.utils.logger import initialize_logger, printt
ModuleNotFoundError: No module named 'RegionalExtremesPackage'
2024-12-09 10:30:33,606 - distributed.worker - INFO - Stopping worker at tcp://10.0.30.39:35535. Reason: worker-handle-scheduler-connection-broken
2024-12-09 10:30:33,607 - distributed.core - INFO - Event loop was unresponsive in Worker for 3.78s.  This is often caused by long-running GIL-holding functions or moving large chunks of data. This can cause timeouts and instability.
2024-12-09 10:30:33,612 - distributed.nanny - INFO - Closing Nanny gracefully at 'tcp://10.0.30.39:33531'. Reason: worker-handle-scheduler-connection-broken
2024-12-09 10:30:33,614 - distributed.worker - ERROR - Failed to communicate with scheduler during heartbeat.
Traceback (most recent call last):
  File "/Net/Groups/BGI/scratch/crobin/miniconda3/envs/ExtremesEnv2/lib/python3.12/site-packages/distributed/core.py", line 1479, in connect
    return await self._connect(addr=addr, timeout=timeout)
           ^^^^^^^^^^^^^^^^^^^^^^^^^^^^^^^^^^^^^^^^^^^^^^^
  File "/Net/Groups/BGI/scratch/crobin/miniconda3/envs/ExtremesEnv2/lib/python3.12/site-packages/distributed/core.py", line 1423, in _connect
    comm = await connect(
           ^^^^^^^^^^^^^^
  File "/Net/Groups/BGI/scratch/crobin/miniconda3/envs/ExtremesEnv2/lib/python3.12/site-packages/distributed/comm/core.py", line 377, in connect
    handshake = await comm.read()
                ^^^^^^^^^^^^^^^^^
  File "/Net/Groups/BGI/scratch/crobin/miniconda3/envs/ExtremesEnv2/lib/python3.12/site-packages/distributed/comm/tcp.py", line 225, in read
    frames_nosplit_nbytes_bin = await stream.read_bytes(fmt_size)
                                ^^^^^^^^^^^^^^^^^^^^^^^^^^^^^^^^^
asyncio.exceptions.CancelledError

The above exception was the direct cause of the following exception:

Traceback (most recent call last):
  File "/Net/Groups/BGI/scratch/crobin/miniconda3/envs/ExtremesEnv2/lib/python3.12/site-packages/distributed/core.py", line 1470, in connect
    async with asyncio.timeout(math.inf) as scope:
  File "/Net/Groups/BGI/scratch/crobin/miniconda3/envs/ExtremesEnv2/lib/python3.12/asyncio/timeouts.py", line 115, in __aexit__
    raise TimeoutError from exc_val
TimeoutError

During handling of the above exception, another exception occurred:

Traceback (most recent call last):
  File "/Net/Groups/BGI/scratch/crobin/miniconda3/envs/ExtremesEnv2/lib/python3.12/site-packages/distributed/worker.py", line 1250, in heartbeat
    response = await retry_operation(
               ^^^^^^^^^^^^^^^^^^^^^^
  File "/Net/Groups/BGI/scratch/crobin/miniconda3/envs/ExtremesEnv2/lib/python3.12/site-packages/distributed/utils_comm.py", line 459, in retry_operation
    return await retry(
           ^^^^^^^^^^^^
  File "/Net/Groups/BGI/scratch/crobin/miniconda3/envs/ExtremesEnv2/lib/python3.12/site-packages/distributed/utils_comm.py", line 438, in retry
    return await coro()
           ^^^^^^^^^^^^
  File "/Net/Groups/BGI/scratch/crobin/miniconda3/envs/ExtremesEnv2/lib/python3.12/site-packages/distributed/core.py", line 1251, in send_recv_from_rpc
    comm = await self.pool.connect(self.addr)
           ^^^^^^^^^^^^^^^^^^^^^^^^^^^^^^^^^^
  File "/Net/Groups/BGI/scratch/crobin/miniconda3/envs/ExtremesEnv2/lib/python3.12/site-packages/distributed/core.py", line 1491, in connect
    raise CommClosedError(reason)
distributed.comm.core.CommClosedError: ConnectionPool closing.
2024-12-09 10:30:33,621 - distributed.nanny - INFO - Worker closed
2024-12-09 10:30:33,621 - tornado.application - ERROR - Exception in callback functools.partial(<bound method IOLoop._discard_future_result of <tornado.platform.asyncio.AsyncIOMainLoop object at 0x7fce3387c1a0>>, <Task finished name='Task-6' coro=<Worker.handle_scheduler() done, defined at /Net/Groups/BGI/scratch/crobin/miniconda3/envs/ExtremesEnv2/lib/python3.12/site-packages/distributed/worker.py:202> exception=ModuleNotFoundError("No module named 'RegionalExtremesPackage'")>)
Traceback (most recent call last):
  File "/Net/Groups/BGI/scratch/crobin/miniconda3/envs/ExtremesEnv2/lib/python3.12/site-packages/tornado/ioloop.py", line 750, in _run_callback
    ret = callback()
          ^^^^^^^^^^
  File "/Net/Groups/BGI/scratch/crobin/miniconda3/envs/ExtremesEnv2/lib/python3.12/site-packages/tornado/ioloop.py", line 774, in _discard_future_result
    future.result()
  File "/Net/Groups/BGI/scratch/crobin/miniconda3/envs/ExtremesEnv2/lib/python3.12/site-packages/distributed/worker.py", line 205, in wrapper
    return await method(self, *args, **kwargs)  # type: ignore
           ^^^^^^^^^^^^^^^^^^^^^^^^^^^^^^^^^^^
  File "/Net/Groups/BGI/scratch/crobin/miniconda3/envs/ExtremesEnv2/lib/python3.12/site-packages/distributed/worker.py", line 1300, in handle_scheduler
    await self.handle_stream(comm)
  File "/Net/Groups/BGI/scratch/crobin/miniconda3/envs/ExtremesEnv2/lib/python3.12/site-packages/distributed/core.py", line 884, in handle_stream
    msgs = await comm.read()
           ^^^^^^^^^^^^^^^^^
  File "/Net/Groups/BGI/scratch/crobin/miniconda3/envs/ExtremesEnv2/lib/python3.12/site-packages/distributed/comm/tcp.py", line 247, in read
    msg = await from_frames(
          ^^^^^^^^^^^^^^^^^^
  File "/Net/Groups/BGI/scratch/crobin/miniconda3/envs/ExtremesEnv2/lib/python3.12/site-packages/distributed/comm/utils.py", line 78, in from_frames
    res = _from_frames()
          ^^^^^^^^^^^^^^
  File "/Net/Groups/BGI/scratch/crobin/miniconda3/envs/ExtremesEnv2/lib/python3.12/site-packages/distributed/comm/utils.py", line 61, in _from_frames
    return protocol.loads(
           ^^^^^^^^^^^^^^^
  File "/Net/Groups/BGI/scratch/crobin/miniconda3/envs/ExtremesEnv2/lib/python3.12/site-packages/distributed/protocol/core.py", line 175, in loads
    return msgpack.loads(
           ^^^^^^^^^^^^^^
  File "msgpack/_unpacker.pyx", line 194, in msgpack._cmsgpack.unpackb
  File "/Net/Groups/BGI/scratch/crobin/miniconda3/envs/ExtremesEnv2/lib/python3.12/site-packages/distributed/protocol/core.py", line 172, in _decode_default
    return pickle.loads(sub_header["pickled-obj"], buffers=sub_frames)
           ^^^^^^^^^^^^^^^^^^^^^^^^^^^^^^^^^^^^^^^^^^^^^^^^^^^^^^^^^^^
  File "/Net/Groups/BGI/scratch/crobin/miniconda3/envs/ExtremesEnv2/lib/python3.12/site-packages/distributed/protocol/pickle.py", line 94, in loads
    return pickle.loads(x, buffers=buffers)
           ^^^^^^^^^^^^^^^^^^^^^^^^^^^^^^^^
  File "/Net/Groups/BGI/scratch/crobin/PythonProjects/ExtremesProject/RegionalExtremesPackage/datahandlers/__init__.py", line 1, in <module>
    from .common_imports import *
  File "/Net/Groups/BGI/scratch/crobin/PythonProjects/ExtremesProject/RegionalExtremesPackage/datahandlers/common_imports.py", line 16, in <module>
    from config import (
  File "/Net/Groups/BGI/scratch/crobin/PythonProjects/ExtremesProject/RegionalExtremesPackage/config.py", line 17, in <module>
    from RegionalExtremesPackage.utils.logger import initialize_logger, printt
ModuleNotFoundError: No module named 'RegionalExtremesPackage'
2024-12-09 10:30:35,625 - distributed.nanny - ERROR - Worker process died unexpectedly
2024-12-09 10:30:36,493 - distributed.nanny - INFO - Closing Nanny at 'tcp://10.0.30.39:33531'. Reason: nanny-close-gracefully
2024-12-09 10:30:36,495 - distributed.dask_worker - INFO - End worker
