2024-12-09 14:43:32,486 - distributed.nanny - INFO -         Start Nanny at: 'tcp://10.0.30.39:40799'
2024-12-09 14:43:34,447 - distributed.worker - INFO -       Start worker at:     tcp://10.0.30.39:39395
2024-12-09 14:43:34,447 - distributed.worker - INFO -          Listening to:     tcp://10.0.30.39:39395
2024-12-09 14:43:34,447 - distributed.worker - INFO -           Worker name:             SLURMCluster-0
2024-12-09 14:43:34,447 - distributed.worker - INFO -          dashboard at:           10.0.30.39:36609
2024-12-09 14:43:34,447 - distributed.worker - INFO - Waiting to connect to:     tcp://10.0.30.56:36119
2024-12-09 14:43:34,447 - distributed.worker - INFO - -------------------------------------------------
2024-12-09 14:43:34,448 - distributed.worker - INFO -               Threads:                          1
2024-12-09 14:43:34,448 - distributed.worker - INFO -                Memory:                   4.66 GiB
2024-12-09 14:43:34,448 - distributed.worker - INFO -       Local Directory: /tmp/dask-scratch-space/worker-6un1kcnv
2024-12-09 14:43:34,448 - distributed.worker - INFO - -------------------------------------------------
2024-12-09 14:43:36,626 - distributed.worker - INFO - Starting Worker plugin shuffle
2024-12-09 14:43:36,628 - distributed.worker - INFO -         Registered to:     tcp://10.0.30.56:36119
2024-12-09 14:43:36,628 - distributed.worker - INFO - -------------------------------------------------
2024-12-09 14:43:36,628 - distributed.core - INFO - Starting established connection to tcp://10.0.30.56:36119
2024-12-09 14:45:04,121 - distributed.worker - INFO - Stopping worker at tcp://10.0.30.39:39395. Reason: scheduler-remove-worker
2024-12-09 14:45:04,125 - distributed.nanny - INFO - Closing Nanny gracefully at 'tcp://10.0.30.39:40799'. Reason: scheduler-remove-worker
2024-12-09 14:45:04,126 - distributed.worker - INFO - Removing Worker plugin shuffle
2024-12-09 14:45:04,127 - distributed.worker - ERROR - Failed to communicate with scheduler during heartbeat.
Traceback (most recent call last):
  File "/Net/Groups/BGI/scratch/crobin/miniconda3/envs/ExtremesEnv2/lib/python3.12/site-packages/distributed/comm/tcp.py", line 225, in read
    frames_nosplit_nbytes_bin = await stream.read_bytes(fmt_size)
                                ^^^^^^^^^^^^^^^^^^^^^^^^^^^^^^^^^
tornado.iostream.StreamClosedError: Stream is closed

The above exception was the direct cause of the following exception:

Traceback (most recent call last):
  File "/Net/Groups/BGI/scratch/crobin/miniconda3/envs/ExtremesEnv2/lib/python3.12/site-packages/distributed/worker.py", line 1269, in heartbeat
    response = await retry_operation(
               ^^^^^^^^^^^^^^^^^^^^^^
  File "/Net/Groups/BGI/scratch/crobin/miniconda3/envs/ExtremesEnv2/lib/python3.12/site-packages/distributed/utils_comm.py", line 441, in retry_operation
    return await retry(
           ^^^^^^^^^^^^
  File "/Net/Groups/BGI/scratch/crobin/miniconda3/envs/ExtremesEnv2/lib/python3.12/site-packages/distributed/utils_comm.py", line 420, in retry
    return await coro()
           ^^^^^^^^^^^^
  File "/Net/Groups/BGI/scratch/crobin/miniconda3/envs/ExtremesEnv2/lib/python3.12/site-packages/distributed/core.py", line 1259, in send_recv_from_rpc
    return await send_recv(comm=comm, op=key, **kwargs)
           ^^^^^^^^^^^^^^^^^^^^^^^^^^^^^^^^^^^^^^^^^^^^
  File "/Net/Groups/BGI/scratch/crobin/miniconda3/envs/ExtremesEnv2/lib/python3.12/site-packages/distributed/core.py", line 1018, in send_recv
    response = await comm.read(deserializers=deserializers)
               ^^^^^^^^^^^^^^^^^^^^^^^^^^^^^^^^^^^^^^^^^^^^
  File "/Net/Groups/BGI/scratch/crobin/miniconda3/envs/ExtremesEnv2/lib/python3.12/site-packages/distributed/comm/tcp.py", line 236, in read
    convert_stream_closed_error(self, e)
  File "/Net/Groups/BGI/scratch/crobin/miniconda3/envs/ExtremesEnv2/lib/python3.12/site-packages/distributed/comm/tcp.py", line 142, in convert_stream_closed_error
    raise CommClosedError(f"in {obj}: {exc}") from exc
distributed.comm.core.CommClosedError: in <TCP (closed) ConnectionPool.heartbeat_worker local=tcp://10.0.30.39:53348 remote=tcp://10.0.30.56:36119>: Stream is closed
2024-12-09 14:45:04,132 - distributed.nanny - INFO - Worker closed
2024-12-09 14:45:04,132 - distributed.core - INFO - Connection to tcp://10.0.30.56:36119 has been closed.
slurmstepd: error: *** JOB 2540636 ON node-r5-he39 CANCELLED AT 2024-12-09T14:45:05 ***
